{"C:\\Projetos\\design_system\\mcp\\src\\providers\\colorsProvider.ts": {"path":"C:\\Projetos\\design_system\\mcp\\src\\providers\\colorsProvider.ts","statementMap":{"0":{"start":{"line":18,"column":23},"end":{"line":18,"column":null}},"1":{"start":{"line":19,"column":22},"end":{"line":19,"column":null}},"2":{"start":{"line":21,"column":42},"end":{"line":24,"column":null}},"3":{"start":{"line":26,"column":8},"end":{"line":26,"column":null}},"4":{"start":{"line":27,"column":8},"end":{"line":27,"column":null}},"5":{"start":{"line":29,"column":26},"end":{"line":29,"column":null}},"6":{"start":{"line":30,"column":2},"end":{"line":32,"column":null}},"7":{"start":{"line":31,"column":4},"end":{"line":31,"column":null}},"8":{"start":{"line":33,"column":2},"end":{"line":35,"column":null}},"9":{"start":{"line":34,"column":4},"end":{"line":34,"column":null}},"10":{"start":{"line":37,"column":2},"end":{"line":47,"column":null}}},"fnMap":{"0":{"name":"getColorsResource","decl":{"start":{"line":17,"column":22},"end":{"line":17,"column":40}},"loc":{"start":{"line":17,"column":83},"end":{"line":48,"column":null}},"line":17}},"branchMap":{"0":{"loc":{"start":{"line":30,"column":2},"end":{"line":32,"column":null}},"type":"if","locations":[{"start":{"line":30,"column":2},"end":{"line":32,"column":null}},{"start":{},"end":{}}],"line":30},"1":{"loc":{"start":{"line":33,"column":2},"end":{"line":35,"column":null}},"type":"if","locations":[{"start":{"line":33,"column":2},"end":{"line":35,"column":null}},{"start":{},"end":{}}],"line":33}},"s":{"0":6,"1":6,"2":6,"3":6,"4":6,"5":6,"6":6,"7":2,"8":6,"9":2,"10":6},"f":{"0":6},"b":{"0":[2,4],"1":[2,4]},"meta":{"lastBranch":2,"lastFunction":1,"lastStatement":11,"seen":{"f:17:22:17:40":0,"s:18:23:18:Infinity":0,"s:19:22:19:Infinity":1,"s:21:42:24:Infinity":2,"s:26:8:26:Infinity":3,"s:27:8:27:Infinity":4,"s:29:26:29:Infinity":5,"b:30:2:32:Infinity:undefined:undefined:undefined:undefined":0,"s:30:2:32:Infinity":6,"s:31:4:31:Infinity":7,"b:33:2:35:Infinity:undefined:undefined:undefined:undefined":1,"s:33:2:35:Infinity":8,"s:34:4:34:Infinity":9,"s:37:2:47:Infinity":10}}}
,"C:\\Projetos\\design_system\\mcp\\src\\providers\\componentsProvider.ts": {"path":"C:\\Projetos\\design_system\\mcp\\src\\providers\\componentsProvider.ts","statementMap":{"0":{"start":{"line":37,"column":2},"end":{"line":41,"column":null}},"1":{"start":{"line":38,"column":18},"end":{"line":38,"column":null}},"2":{"start":{"line":39,"column":24},"end":{"line":39,"column":null}},"3":{"start":{"line":39,"column":44},"end":{"line":39,"column":59}},"4":{"start":{"line":40,"column":4},"end":{"line":40,"column":null}},"5":{"start":{"line":42,"column":2},"end":{"line":42,"column":null}},"6":{"start":{"line":46,"column":19},"end":{"line":46,"column":null}},"7":{"start":{"line":47,"column":2},"end":{"line":57,"column":null}},"8":{"start":{"line":48,"column":4},"end":{"line":56,"column":null}},"9":{"start":{"line":55,"column":6},"end":{"line":55,"column":null}},"10":{"start":{"line":58,"column":2},"end":{"line":58,"column":null}},"11":{"start":{"line":66,"column":17},"end":{"line":66,"column":null}},"12":{"start":{"line":67,"column":19},"end":{"line":67,"column":null}},"13":{"start":{"line":68,"column":8},"end":{"line":68,"column":null}},"14":{"start":{"line":69,"column":8},"end":{"line":69,"column":null}},"15":{"start":{"line":70,"column":23},"end":{"line":70,"column":null}},"16":{"start":{"line":71,"column":8},"end":{"line":71,"column":null}},"17":{"start":{"line":72,"column":8},"end":{"line":72,"column":null}},"18":{"start":{"line":73,"column":8},"end":{"line":73,"column":null}},"19":{"start":{"line":74,"column":24},"end":{"line":74,"column":null}},"20":{"start":{"line":75,"column":23},"end":{"line":75,"column":null}},"21":{"start":{"line":77,"column":2},"end":{"line":87,"column":null}},"22":{"start":{"line":91,"column":16},"end":{"line":91,"column":null}},"23":{"start":{"line":92,"column":20},"end":{"line":92,"column":null}},"24":{"start":{"line":94,"column":33},"end":{"line":97,"column":null}},"25":{"start":{"line":99,"column":33},"end":{"line":99,"column":null}},"26":{"start":{"line":100,"column":2},"end":{"line":102,"column":null}},"27":{"start":{"line":101,"column":4},"end":{"line":101,"column":null}},"28":{"start":{"line":103,"column":2},"end":{"line":105,"column":null}},"29":{"start":{"line":104,"column":4},"end":{"line":104,"column":null}},"30":{"start":{"line":107,"column":17},"end":{"line":107,"column":null}},"31":{"start":{"line":108,"column":17},"end":{"line":108,"column":null}},"32":{"start":{"line":110,"column":2},"end":{"line":113,"column":null}},"33":{"start":{"line":111,"column":4},"end":{"line":111,"column":null}},"34":{"start":{"line":112,"column":4},"end":{"line":112,"column":null}},"35":{"start":{"line":115,"column":2},"end":{"line":119,"column":null}},"36":{"start":{"line":116,"column":31},"end":{"line":116,"column":59}},"37":{"start":{"line":123,"column":21},"end":{"line":123,"column":null}},"38":{"start":{"line":124,"column":2},"end":{"line":127,"column":null}}},"fnMap":{"0":{"name":"buildUsageExamples","decl":{"start":{"line":36,"column":9},"end":{"line":36,"column":28}},"loc":{"start":{"line":36,"column":87},"end":{"line":43,"column":null}},"line":36},"1":{"name":"(anonymous_1)","decl":{"start":{"line":39,"column":34},"end":{"line":39,"column":35}},"loc":{"start":{"line":39,"column":44},"end":{"line":39,"column":59}},"line":39},"2":{"name":"normalizeDependencies","decl":{"start":{"line":45,"column":9},"end":{"line":45,"column":31}},"loc":{"start":{"line":45,"column":60},"end":{"line":59,"column":null}},"line":45},"3":{"name":"(anonymous_3)","decl":{"start":{"line":47,"column":18},"end":{"line":47,"column":19}},"loc":{"start":{"line":47,"column":34},"end":{"line":57,"column":3}},"line":47},"4":{"name":"readComponentMeta","decl":{"start":{"line":61,"column":15},"end":{"line":61,"column":null}},"loc":{"start":{"line":65,"column":26},"end":{"line":88,"column":null}},"line":65},"5":{"name":"buildComponentsIndex","decl":{"start":{"line":90,"column":22},"end":{"line":90,"column":43}},"loc":{"start":{"line":90,"column":87},"end":{"line":120,"column":null}},"line":90},"6":{"name":"(anonymous_6)","decl":{"start":{"line":110,"column":16},"end":{"line":110,"column":17}},"loc":{"start":{"line":110,"column":26},"end":{"line":113,"column":3}},"line":110},"7":{"name":"(anonymous_7)","decl":{"start":{"line":116,"column":21},"end":{"line":116,"column":22}},"loc":{"start":{"line":116,"column":31},"end":{"line":116,"column":59}},"line":116},"8":{"name":"getComponentByName","decl":{"start":{"line":122,"column":16},"end":{"line":122,"column":35}},"loc":{"start":{"line":122,"column":95},"end":{"line":129,"column":null}},"line":122}},"branchMap":{"0":{"loc":{"start":{"line":37,"column":2},"end":{"line":41,"column":null}},"type":"if","locations":[{"start":{"line":37,"column":2},"end":{"line":41,"column":null}},{"start":{},"end":{}}],"line":37},"1":{"loc":{"start":{"line":37,"column":6},"end":{"line":37,"column":63}},"type":"binary-expr","locations":[{"start":{"line":37,"column":6},"end":{"line":37,"column":30}},{"start":{"line":37,"column":30},"end":{"line":37,"column":63}}],"line":37},"2":{"loc":{"start":{"line":48,"column":4},"end":{"line":56,"column":null}},"type":"if","locations":[{"start":{"line":48,"column":4},"end":{"line":56,"column":null}},{"start":{},"end":{}}],"line":48},"3":{"loc":{"start":{"line":49,"column":6},"end":{"line":53,"column":null}},"type":"binary-expr","locations":[{"start":{"line":49,"column":6},"end":{"line":49,"column":null}},{"start":{"line":50,"column":6},"end":{"line":50,"column":null}},{"start":{"line":51,"column":6},"end":{"line":51,"column":null}},{"start":{"line":52,"column":6},"end":{"line":52,"column":null}},{"start":{"line":53,"column":6},"end":{"line":53,"column":null}}],"line":49},"4":{"loc":{"start":{"line":125,"column":4},"end":{"line":127,"column":null}},"type":"binary-expr","locations":[{"start":{"line":125,"column":4},"end":{"line":125,"column":null}},{"start":{"line":126,"column":4},"end":{"line":126,"column":null}},{"start":{"line":127,"column":4},"end":{"line":127,"column":null}}],"line":125}},"s":{"0":27,"1":3,"2":3,"3":6,"4":3,"5":24,"6":27,"7":27,"8":3,"9":3,"10":27,"11":27,"12":27,"13":27,"14":27,"15":27,"16":27,"17":27,"18":27,"19":27,"20":27,"21":27,"22":18,"23":18,"24":18,"25":18,"26":18,"27":25,"28":18,"29":2,"30":18,"31":18,"32":18,"33":27,"34":27,"35":18,"36":10,"37":6,"38":6},"f":{"0":27,"1":6,"2":27,"3":3,"4":27,"5":18,"6":27,"7":10,"8":6},"b":{"0":[3,24],"1":[27,3],"2":[3,0],"3":[3,3,2,2,1],"4":[6,3,2]},"meta":{"lastBranch":5,"lastFunction":9,"lastStatement":39,"seen":{"f:36:9:36:28":0,"b:37:2:41:Infinity:undefined:undefined:undefined:undefined":0,"s:37:2:41:Infinity":0,"b:37:6:37:30:37:30:37:63":1,"s:38:18:38:Infinity":1,"s:39:24:39:Infinity":2,"f:39:34:39:35":1,"s:39:44:39:59":3,"s:40:4:40:Infinity":4,"s:42:2:42:Infinity":5,"f:45:9:45:31":2,"s:46:19:46:Infinity":6,"s:47:2:57:Infinity":7,"f:47:18:47:19":3,"b:48:4:56:Infinity:undefined:undefined:undefined:undefined":2,"s:48:4:56:Infinity":8,"b:49:6:49:Infinity:50:6:50:Infinity:51:6:51:Infinity:52:6:52:Infinity:53:6:53:Infinity":3,"s:55:6:55:Infinity":9,"s:58:2:58:Infinity":10,"f:61:15:61:Infinity":4,"s:66:17:66:Infinity":11,"s:67:19:67:Infinity":12,"s:68:8:68:Infinity":13,"s:69:8:69:Infinity":14,"s:70:23:70:Infinity":15,"s:71:8:71:Infinity":16,"s:72:8:72:Infinity":17,"s:73:8:73:Infinity":18,"s:74:24:74:Infinity":19,"s:75:23:75:Infinity":20,"s:77:2:87:Infinity":21,"f:90:22:90:43":5,"s:91:16:91:Infinity":22,"s:92:20:92:Infinity":23,"s:94:33:97:Infinity":24,"s:99:33:99:Infinity":25,"s:100:2:102:Infinity":26,"s:101:4:101:Infinity":27,"s:103:2:105:Infinity":28,"s:104:4:104:Infinity":29,"s:107:17:107:Infinity":30,"s:108:17:108:Infinity":31,"s:110:2:113:Infinity":32,"f:110:16:110:17":6,"s:111:4:111:Infinity":33,"s:112:4:112:Infinity":34,"s:115:2:119:Infinity":35,"f:116:21:116:22":7,"s:116:31:116:59":36,"f:122:16:122:35":8,"s:123:21:123:Infinity":37,"s:124:2:127:Infinity":38,"b:125:4:125:Infinity:126:4:126:Infinity:127:4:127:Infinity":4}}}
,"C:\\Projetos\\design_system\\mcp\\src\\providers\\typographyProvider.ts": {"path":"C:\\Projetos\\design_system\\mcp\\src\\providers\\typographyProvider.ts","statementMap":{"0":{"start":{"line":13,"column":22},"end":{"line":13,"column":null}},"1":{"start":{"line":14,"column":49},"end":{"line":14,"column":null}},"2":{"start":{"line":16,"column":2},"end":{"line":23,"column":null}},"3":{"start":{"line":17,"column":19},"end":{"line":17,"column":null}},"4":{"start":{"line":18,"column":17},"end":{"line":18,"column":null}},"5":{"start":{"line":19,"column":26},"end":{"line":19,"column":null}},"6":{"start":{"line":20,"column":4},"end":{"line":22,"column":null}},"7":{"start":{"line":21,"column":6},"end":{"line":21,"column":null}},"8":{"start":{"line":24,"column":2},"end":{"line":24,"column":null}},"9":{"start":{"line":28,"column":45},"end":{"line":28,"column":null}},"10":{"start":{"line":29,"column":16},"end":{"line":29,"column":null}},"11":{"start":{"line":31,"column":2},"end":{"line":36,"column":null}},"12":{"start":{"line":32,"column":4},"end":{"line":35,"column":null}},"13":{"start":{"line":38,"column":20},"end":{"line":38,"column":null}},"14":{"start":{"line":39,"column":2},"end":{"line":47,"column":null}},"15":{"start":{"line":40,"column":22},"end":{"line":40,"column":null}},"16":{"start":{"line":41,"column":4},"end":{"line":43,"column":null}},"17":{"start":{"line":42,"column":6},"end":{"line":42,"column":null}},"18":{"start":{"line":44,"column":4},"end":{"line":46,"column":null}},"19":{"start":{"line":45,"column":6},"end":{"line":45,"column":null}},"20":{"start":{"line":49,"column":2},"end":{"line":49,"column":null}},"21":{"start":{"line":53,"column":25},"end":{"line":53,"column":null}},"22":{"start":{"line":54,"column":20},"end":{"line":54,"column":null}},"23":{"start":{"line":56,"column":42},"end":{"line":59,"column":null}},"24":{"start":{"line":57,"column":45},"end":{"line":57,"column":47}},"25":{"start":{"line":58,"column":40},"end":{"line":58,"column":42}},"26":{"start":{"line":61,"column":18},"end":{"line":61,"column":null}},"27":{"start":{"line":62,"column":16},"end":{"line":62,"column":null}},"28":{"start":{"line":64,"column":26},"end":{"line":64,"column":null}},"29":{"start":{"line":65,"column":21},"end":{"line":65,"column":null}},"30":{"start":{"line":67,"column":26},"end":{"line":67,"column":null}},"31":{"start":{"line":68,"column":2},"end":{"line":70,"column":null}},"32":{"start":{"line":69,"column":4},"end":{"line":69,"column":null}},"33":{"start":{"line":71,"column":2},"end":{"line":73,"column":null}},"34":{"start":{"line":72,"column":4},"end":{"line":72,"column":null}},"35":{"start":{"line":75,"column":2},"end":{"line":81,"column":null}}},"fnMap":{"0":{"name":"parseWeightsFromTypographyDoc","decl":{"start":{"line":12,"column":9},"end":{"line":12,"column":39}},"loc":{"start":{"line":12,"column":86},"end":{"line":25,"column":null}},"line":12},"1":{"name":"parseScaleFromDocs","decl":{"start":{"line":27,"column":9},"end":{"line":27,"column":28}},"loc":{"start":{"line":27,"column":73},"end":{"line":50,"column":null}},"line":27},"2":{"name":"getTypographyResource","decl":{"start":{"line":52,"column":22},"end":{"line":52,"column":44}},"loc":{"start":{"line":52,"column":91},"end":{"line":82,"column":null}},"line":52},"3":{"name":"(anonymous_3)","decl":{"start":{"line":57,"column":39},"end":{"line":57,"column":45}},"loc":{"start":{"line":57,"column":45},"end":{"line":57,"column":47}},"line":57},"4":{"name":"(anonymous_4)","decl":{"start":{"line":58,"column":34},"end":{"line":58,"column":40}},"loc":{"start":{"line":58,"column":40},"end":{"line":58,"column":42}},"line":58}},"branchMap":{"0":{"loc":{"start":{"line":18,"column":17},"end":{"line":18,"column":null}},"type":"binary-expr","locations":[{"start":{"line":18,"column":17},"end":{"line":18,"column":37}},{"start":{"line":18,"column":37},"end":{"line":18,"column":null}}],"line":18},"1":{"loc":{"start":{"line":19,"column":26},"end":{"line":19,"column":null}},"type":"binary-expr","locations":[{"start":{"line":19,"column":26},"end":{"line":19,"column":46}},{"start":{"line":19,"column":46},"end":{"line":19,"column":null}}],"line":19},"2":{"loc":{"start":{"line":20,"column":4},"end":{"line":22,"column":null}},"type":"if","locations":[{"start":{"line":20,"column":4},"end":{"line":22,"column":null}},{"start":{},"end":{}}],"line":20},"3":{"loc":{"start":{"line":34,"column":21},"end":{"line":34,"column":null}},"type":"binary-expr","locations":[{"start":{"line":34,"column":21},"end":{"line":34,"column":33}},{"start":{"line":34,"column":33},"end":{"line":34,"column":null}}],"line":34},"4":{"loc":{"start":{"line":40,"column":22},"end":{"line":40,"column":null}},"type":"binary-expr","locations":[{"start":{"line":40,"column":22},"end":{"line":40,"column":34}},{"start":{"line":40,"column":34},"end":{"line":40,"column":null}}],"line":40},"5":{"loc":{"start":{"line":41,"column":4},"end":{"line":43,"column":null}},"type":"if","locations":[{"start":{"line":41,"column":4},"end":{"line":43,"column":null}},{"start":{},"end":{}}],"line":41},"6":{"loc":{"start":{"line":44,"column":4},"end":{"line":46,"column":null}},"type":"if","locations":[{"start":{"line":44,"column":4},"end":{"line":46,"column":null}},{"start":{},"end":{}}],"line":44},"7":{"loc":{"start":{"line":65,"column":21},"end":{"line":65,"column":null}},"type":"binary-expr","locations":[{"start":{"line":65,"column":21},"end":{"line":65,"column":53}},{"start":{"line":65,"column":53},"end":{"line":65,"column":null}}],"line":65},"8":{"loc":{"start":{"line":68,"column":2},"end":{"line":70,"column":null}},"type":"if","locations":[{"start":{"line":68,"column":2},"end":{"line":70,"column":null}},{"start":{},"end":{}}],"line":68},"9":{"loc":{"start":{"line":71,"column":2},"end":{"line":73,"column":null}},"type":"if","locations":[{"start":{"line":71,"column":2},"end":{"line":73,"column":null}},{"start":{},"end":{}}],"line":71}},"s":{"0":10,"1":10,"2":10,"3":6,"4":6,"5":6,"6":6,"7":6,"8":10,"9":10,"10":10,"11":10,"12":3,"13":10,"14":10,"15":3,"16":3,"17":1,"18":3,"19":2,"20":10,"21":10,"22":10,"23":10,"24":1,"25":1,"26":10,"27":10,"28":10,"29":10,"30":10,"31":10,"32":7,"33":10,"34":8,"35":10},"f":{"0":10,"1":10,"2":10,"3":1,"4":1},"b":{"0":[6,0],"1":[6,0],"2":[6,0],"3":[3,0],"4":[3,0],"5":[1,2],"6":[2,1],"7":[10,3],"8":[7,3],"9":[8,2]},"meta":{"lastBranch":10,"lastFunction":5,"lastStatement":36,"seen":{"f:12:9:12:39":0,"s:13:22:13:Infinity":0,"s:14:49:14:Infinity":1,"s:16:2:23:Infinity":2,"s:17:19:17:Infinity":3,"s:18:17:18:Infinity":4,"b:18:17:18:37:18:37:18:Infinity":0,"s:19:26:19:Infinity":5,"b:19:26:19:46:19:46:19:Infinity":1,"b:20:4:22:Infinity:undefined:undefined:undefined:undefined":2,"s:20:4:22:Infinity":6,"s:21:6:21:Infinity":7,"s:24:2:24:Infinity":8,"f:27:9:27:28":1,"s:28:45:28:Infinity":9,"s:29:16:29:Infinity":10,"s:31:2:36:Infinity":11,"s:32:4:35:Infinity":12,"b:34:21:34:33:34:33:34:Infinity":3,"s:38:20:38:Infinity":13,"s:39:2:47:Infinity":14,"s:40:22:40:Infinity":15,"b:40:22:40:34:40:34:40:Infinity":4,"b:41:4:43:Infinity:undefined:undefined:undefined:undefined":5,"s:41:4:43:Infinity":16,"s:42:6:42:Infinity":17,"b:44:4:46:Infinity:undefined:undefined:undefined:undefined":6,"s:44:4:46:Infinity":18,"s:45:6:45:Infinity":19,"s:49:2:49:Infinity":20,"f:52:22:52:44":2,"s:53:25:53:Infinity":21,"s:54:20:54:Infinity":22,"s:56:42:59:Infinity":23,"f:57:39:57:45":3,"s:57:45:57:47":24,"f:58:34:58:40":4,"s:58:40:58:42":25,"s:61:18:61:Infinity":26,"s:62:16:62:Infinity":27,"s:64:26:64:Infinity":28,"s:65:21:65:Infinity":29,"b:65:21:65:53:65:53:65:Infinity":7,"s:67:26:67:Infinity":30,"b:68:2:70:Infinity:undefined:undefined:undefined:undefined":8,"s:68:2:70:Infinity":31,"s:69:4:69:Infinity":32,"b:71:2:73:Infinity:undefined:undefined:undefined:undefined":9,"s:71:2:73:Infinity":33,"s:72:4:72:Infinity":34,"s:75:2:81:Infinity":35}}}
,"C:\\Projetos\\design_system\\mcp\\src\\tools\\scaffoldComponent.ts": {"path":"C:\\Projetos\\design_system\\mcp\\src\\tools\\scaffoldComponent.ts","statementMap":{"0":{"start":{"line":16,"column":2},"end":{"line":31,"column":null}},"1":{"start":{"line":36,"column":2},"end":{"line":83,"column":null}},"2":{"start":{"line":88,"column":2},"end":{"line":94,"column":null}},"3":{"start":{"line":103,"column":2},"end":{"line":109,"column":null}},"4":{"start":{"line":118,"column":8},"end":{"line":118,"column":null}},"5":{"start":{"line":119,"column":19},"end":{"line":119,"column":null}},"6":{"start":{"line":120,"column":15},"end":{"line":120,"column":null}},"7":{"start":{"line":122,"column":16},"end":{"line":122,"column":null}},"8":{"start":{"line":123,"column":2},"end":{"line":135,"column":null}},"9":{"start":{"line":125,"column":6},"end":{"line":125,"column":null}},"10":{"start":{"line":126,"column":6},"end":{"line":126,"column":null}},"11":{"start":{"line":128,"column":6},"end":{"line":128,"column":null}},"12":{"start":{"line":129,"column":6},"end":{"line":129,"column":null}},"13":{"start":{"line":131,"column":6},"end":{"line":131,"column":null}},"14":{"start":{"line":132,"column":6},"end":{"line":132,"column":null}},"15":{"start":{"line":134,"column":6},"end":{"line":134,"column":null}},"16":{"start":{"line":137,"column":17},"end":{"line":137,"column":null}},"17":{"start":{"line":138,"column":19},"end":{"line":138,"column":null}},"18":{"start":{"line":140,"column":16},"end":{"line":140,"column":null}},"19":{"start":{"line":142,"column":2},"end":{"line":147,"column":null}},"20":{"start":{"line":143,"column":4},"end":{"line":146,"column":null}},"21":{"start":{"line":149,"column":2},"end":{"line":149,"column":null}}},"fnMap":{"0":{"name":"buildPrimitiveTemplate","decl":{"start":{"line":15,"column":9},"end":{"line":15,"column":32}},"loc":{"start":{"line":15,"column":63},"end":{"line":33,"column":null}},"line":15},"1":{"name":"buildButtonTemplate","decl":{"start":{"line":35,"column":9},"end":{"line":35,"column":29}},"loc":{"start":{"line":35,"column":60},"end":{"line":85,"column":null}},"line":35},"2":{"name":"buildCardTemplate","decl":{"start":{"line":87,"column":9},"end":{"line":87,"column":27}},"loc":{"start":{"line":87,"column":58},"end":{"line":100,"column":null}},"line":87},"3":{"name":"buildLayoutTemplate","decl":{"start":{"line":102,"column":9},"end":{"line":102,"column":29}},"loc":{"start":{"line":102,"column":60},"end":{"line":115,"column":null}},"line":102},"4":{"name":"scaffoldComponent","decl":{"start":{"line":117,"column":16},"end":{"line":117,"column":34}},"loc":{"start":{"line":117,"column":90},"end":{"line":150,"column":null}},"line":117}},"branchMap":{"0":{"loc":{"start":{"line":120,"column":15},"end":{"line":120,"column":null}},"type":"binary-expr","locations":[{"start":{"line":120,"column":15},"end":{"line":120,"column":29}},{"start":{"line":120,"column":29},"end":{"line":120,"column":null}}],"line":120},"1":{"loc":{"start":{"line":123,"column":2},"end":{"line":135,"column":null}},"type":"switch","locations":[{"start":{"line":124,"column":4},"end":{"line":126,"column":null}},{"start":{"line":127,"column":4},"end":{"line":129,"column":null}},{"start":{"line":130,"column":4},"end":{"line":132,"column":null}},{"start":{"line":133,"column":4},"end":{"line":134,"column":null}}],"line":123},"2":{"loc":{"start":{"line":137,"column":17},"end":{"line":137,"column":null}},"type":"cond-expr","locations":[{"start":{"line":137,"column":43},"end":{"line":137,"column":65}},{"start":{"line":137,"column":65},"end":{"line":137,"column":null}}],"line":137},"3":{"loc":{"start":{"line":142,"column":2},"end":{"line":147,"column":null}},"type":"if","locations":[{"start":{"line":142,"column":2},"end":{"line":147,"column":null}},{"start":{},"end":{}}],"line":142}},"s":{"0":13,"1":5,"2":1,"3":1,"4":20,"5":20,"6":20,"7":20,"8":20,"9":5,"10":5,"11":1,"12":1,"13":1,"14":1,"15":13,"16":20,"17":20,"18":20,"19":20,"20":2,"21":20},"f":{"0":13,"1":5,"2":1,"3":1,"4":20},"b":{"0":[20,12],"1":[5,1,1,13],"2":[18,2],"3":[2,18]},"meta":{"lastBranch":4,"lastFunction":5,"lastStatement":22,"seen":{"f:15:9:15:32":0,"s:16:2:31:Infinity":0,"f:35:9:35:29":1,"s:36:2:83:Infinity":1,"f:87:9:87:27":2,"s:88:2:94:Infinity":2,"f:102:9:102:29":3,"s:103:2:109:Infinity":3,"f:117:16:117:34":4,"s:118:8:118:Infinity":4,"s:119:19:119:Infinity":5,"s:120:15:120:Infinity":6,"b:120:15:120:29:120:29:120:Infinity":0,"s:122:16:122:Infinity":7,"b:124:4:126:Infinity:127:4:129:Infinity:130:4:132:Infinity:133:4:134:Infinity":1,"s:123:2:135:Infinity":8,"s:125:6:125:Infinity":9,"s:126:6:126:Infinity":10,"s:128:6:128:Infinity":11,"s:129:6:129:Infinity":12,"s:131:6:131:Infinity":13,"s:132:6:132:Infinity":14,"s:134:6:134:Infinity":15,"s:137:17:137:Infinity":16,"b:137:43:137:65:137:65:137:Infinity":2,"s:138:19:138:Infinity":17,"s:140:16:140:Infinity":18,"b:142:2:147:Infinity:undefined:undefined:undefined:undefined":3,"s:142:2:147:Infinity":19,"s:143:4:146:Infinity":20,"s:149:2:149:Infinity":21}}}
,"C:\\Projetos\\design_system\\mcp\\src\\tools\\searchComponents.ts": {"path":"C:\\Projetos\\design_system\\mcp\\src\\tools\\searchComponents.ts","statementMap":{"0":{"start":{"line":13,"column":16},"end":{"line":13,"column":null}},"1":{"start":{"line":14,"column":15},"end":{"line":14,"column":null}},"2":{"start":{"line":14,"column":40},"end":{"line":14,"column":57}},"3":{"start":{"line":16,"column":2},"end":{"line":38,"column":null}},"4":{"start":{"line":17,"column":4},"end":{"line":19,"column":null}},"5":{"start":{"line":18,"column":6},"end":{"line":18,"column":null}},"6":{"start":{"line":20,"column":4},"end":{"line":25,"column":null}},"7":{"start":{"line":21,"column":23},"end":{"line":21,"column":null}},"8":{"start":{"line":22,"column":6},"end":{"line":24,"column":null}},"9":{"start":{"line":23,"column":8},"end":{"line":23,"column":null}},"10":{"start":{"line":26,"column":4},"end":{"line":31,"column":null}},"11":{"start":{"line":27,"column":28},"end":{"line":27,"column":null}},"12":{"start":{"line":27,"column":56},"end":{"line":27,"column":73}},"13":{"start":{"line":28,"column":6},"end":{"line":30,"column":null}},"14":{"start":{"line":28,"column":31},"end":{"line":28,"column":58}},"15":{"start":{"line":29,"column":8},"end":{"line":29,"column":null}},"16":{"start":{"line":32,"column":4},"end":{"line":32,"column":null}},"17":{"start":{"line":33,"column":25},"end":{"line":38,"column":4}}},"fnMap":{"0":{"name":"searchComponents","decl":{"start":{"line":9,"column":16},"end":{"line":9,"column":null}},"loc":{"start":{"line":12,"column":73},"end":{"line":39,"column":null}},"line":12},"1":{"name":"(anonymous_1)","decl":{"start":{"line":14,"column":31},"end":{"line":14,"column":32}},"loc":{"start":{"line":14,"column":40},"end":{"line":14,"column":57}},"line":14},"2":{"name":"(anonymous_2)","decl":{"start":{"line":16,"column":27},"end":{"line":16,"column":28}},"loc":{"start":{"line":16,"column":42},"end":{"line":33,"column":3}},"line":16},"3":{"name":"(anonymous_3)","decl":{"start":{"line":27,"column":47},"end":{"line":27,"column":48}},"loc":{"start":{"line":27,"column":56},"end":{"line":27,"column":73}},"line":27},"4":{"name":"(anonymous_4)","decl":{"start":{"line":28,"column":22},"end":{"line":28,"column":23}},"loc":{"start":{"line":28,"column":31},"end":{"line":28,"column":58}},"line":28},"5":{"name":"(anonymous_5)","decl":{"start":{"line":33,"column":9},"end":{"line":33,"column":10}},"loc":{"start":{"line":33,"column":25},"end":{"line":38,"column":4}},"line":33}},"branchMap":{"0":{"loc":{"start":{"line":14,"column":15},"end":{"line":14,"column":null}},"type":"binary-expr","locations":[{"start":{"line":14,"column":15},"end":{"line":14,"column":62}},{"start":{"line":14,"column":62},"end":{"line":14,"column":null}}],"line":14},"1":{"loc":{"start":{"line":17,"column":4},"end":{"line":19,"column":null}},"type":"if","locations":[{"start":{"line":17,"column":4},"end":{"line":19,"column":null}},{"start":{},"end":{}}],"line":17},"2":{"loc":{"start":{"line":17,"column":8},"end":{"line":17,"column":65}},"type":"binary-expr","locations":[{"start":{"line":17,"column":8},"end":{"line":17,"column":26}},{"start":{"line":17,"column":26},"end":{"line":17,"column":65}}],"line":17},"3":{"loc":{"start":{"line":20,"column":4},"end":{"line":25,"column":null}},"type":"if","locations":[{"start":{"line":20,"column":4},"end":{"line":25,"column":null}},{"start":{},"end":{}}],"line":20},"4":{"loc":{"start":{"line":22,"column":6},"end":{"line":24,"column":null}},"type":"if","locations":[{"start":{"line":22,"column":6},"end":{"line":24,"column":null}},{"start":{},"end":{}}],"line":22},"5":{"loc":{"start":{"line":26,"column":4},"end":{"line":31,"column":null}},"type":"if","locations":[{"start":{"line":26,"column":4},"end":{"line":31,"column":null}},{"start":{},"end":{}}],"line":26},"6":{"loc":{"start":{"line":28,"column":6},"end":{"line":30,"column":null}},"type":"if","locations":[{"start":{"line":28,"column":6},"end":{"line":30,"column":null}},{"start":{},"end":{}}],"line":28}},"s":{"0":18,"1":18,"2":8,"3":18,"4":72,"5":12,"6":60,"7":36,"8":36,"9":28,"10":32,"11":17,"12":34,"13":17,"14":21,"15":11,"16":21,"17":21},"f":{"0":18,"1":8,"2":72,"3":34,"4":21,"5":21},"b":{"0":[18,12],"1":[12,60],"2":[72,24],"3":[36,24],"4":[28,8],"5":[17,15],"6":[11,6]},"meta":{"lastBranch":7,"lastFunction":6,"lastStatement":18,"seen":{"f:9:16:9:Infinity":0,"s:13:16:13:Infinity":0,"s:14:15:14:Infinity":1,"b:14:15:14:62:14:62:14:Infinity":0,"f:14:31:14:32":1,"s:14:40:14:57":2,"s:16:2:38:Infinity":3,"f:16:27:16:28":2,"b:17:4:19:Infinity:undefined:undefined:undefined:undefined":1,"s:17:4:19:Infinity":4,"b:17:8:17:26:17:26:17:65":2,"s:18:6:18:Infinity":5,"b:20:4:25:Infinity:undefined:undefined:undefined:undefined":3,"s:20:4:25:Infinity":6,"s:21:23:21:Infinity":7,"b:22:6:24:Infinity:undefined:undefined:undefined:undefined":4,"s:22:6:24:Infinity":8,"s:23:8:23:Infinity":9,"b:26:4:31:Infinity:undefined:undefined:undefined:undefined":5,"s:26:4:31:Infinity":10,"s:27:28:27:Infinity":11,"f:27:47:27:48":3,"s:27:56:27:73":12,"b:28:6:30:Infinity:undefined:undefined:undefined:undefined":6,"s:28:6:30:Infinity":13,"f:28:22:28:23":4,"s:28:31:28:58":14,"s:29:8:29:Infinity":15,"s:32:4:32:Infinity":16,"f:33:9:33:10":5,"s:33:25:38:4":17}}}
,"C:\\Projetos\\design_system\\mcp\\src\\utils\\fs.ts": {"path":"C:\\Projetos\\design_system\\mcp\\src\\utils\\fs.ts","statementMap":{"0":{"start":{"line":5,"column":2},"end":{"line":10,"column":null}},"1":{"start":{"line":6,"column":4},"end":{"line":6,"column":null}},"2":{"start":{"line":7,"column":4},"end":{"line":7,"column":null}},"3":{"start":{"line":9,"column":4},"end":{"line":9,"column":null}},"4":{"start":{"line":14,"column":2},"end":{"line":14,"column":null}},"5":{"start":{"line":21,"column":2},"end":{"line":28,"column":null}},"6":{"start":{"line":22,"column":20},"end":{"line":22,"column":null}},"7":{"start":{"line":23,"column":4},"end":{"line":25,"column":null}},"8":{"start":{"line":24,"column":25},"end":{"line":24,"column":73}},"9":{"start":{"line":25,"column":22},"end":{"line":25,"column":52}},"10":{"start":{"line":27,"column":4},"end":{"line":27,"column":null}},"11":{"start":{"line":32,"column":19},"end":{"line":32,"column":null}},"12":{"start":{"line":33,"column":2},"end":{"line":44,"column":null}},"13":{"start":{"line":33,"column":15},"end":{"line":33,"column":18}},"14":{"start":{"line":34,"column":25},"end":{"line":34,"column":null}},"15":{"start":{"line":35,"column":20},"end":{"line":35,"column":null}},"16":{"start":{"line":36,"column":4},"end":{"line":38,"column":null}},"17":{"start":{"line":37,"column":6},"end":{"line":37,"column":null}},"18":{"start":{"line":39,"column":22},"end":{"line":39,"column":null}},"19":{"start":{"line":40,"column":4},"end":{"line":42,"column":null}},"20":{"start":{"line":41,"column":6},"end":{"line":41,"column":null}},"21":{"start":{"line":43,"column":4},"end":{"line":43,"column":null}},"22":{"start":{"line":45,"column":2},"end":{"line":45,"column":null}}},"fnMap":{"0":{"name":"fileExists","decl":{"start":{"line":4,"column":22},"end":{"line":4,"column":33}},"loc":{"start":{"line":4,"column":71},"end":{"line":11,"column":null}},"line":4},"1":{"name":"readFileText","decl":{"start":{"line":13,"column":22},"end":{"line":13,"column":35}},"loc":{"start":{"line":13,"column":72},"end":{"line":15,"column":null}},"line":13},"2":{"name":"listFilesWithExtension","decl":{"start":{"line":17,"column":22},"end":{"line":17,"column":null}},"loc":{"start":{"line":20,"column":21},"end":{"line":29,"column":null}},"line":20},"3":{"name":"(anonymous_3)","decl":{"start":{"line":24,"column":14},"end":{"line":24,"column":15}},"loc":{"start":{"line":24,"column":25},"end":{"line":24,"column":73}},"line":24},"4":{"name":"(anonymous_4)","decl":{"start":{"line":25,"column":11},"end":{"line":25,"column":12}},"loc":{"start":{"line":25,"column":22},"end":{"line":25,"column":52}},"line":25},"5":{"name":"findRepoRoot","decl":{"start":{"line":31,"column":22},"end":{"line":31,"column":35}},"loc":{"start":{"line":31,"column":70},"end":{"line":46,"column":null}},"line":31}},"branchMap":{"0":{"loc":{"start":{"line":24,"column":25},"end":{"line":24,"column":73}},"type":"binary-expr","locations":[{"start":{"line":24,"column":25},"end":{"line":24,"column":43}},{"start":{"line":24,"column":43},"end":{"line":24,"column":73}}],"line":24},"1":{"loc":{"start":{"line":36,"column":4},"end":{"line":38,"column":null}},"type":"if","locations":[{"start":{"line":36,"column":4},"end":{"line":38,"column":null}},{"start":{},"end":{}}],"line":36},"2":{"loc":{"start":{"line":36,"column":8},"end":{"line":36,"column":69}},"type":"binary-expr","locations":[{"start":{"line":36,"column":8},"end":{"line":36,"column":42}},{"start":{"line":36,"column":42},"end":{"line":36,"column":69}}],"line":36},"3":{"loc":{"start":{"line":40,"column":4},"end":{"line":42,"column":null}},"type":"if","locations":[{"start":{"line":40,"column":4},"end":{"line":42,"column":null}},{"start":{},"end":{}}],"line":40}},"s":{"0":21,"1":21,"2":6,"3":15,"4":62,"5":41,"6":41,"7":40,"8":45,"9":33,"10":1,"11":4,"12":4,"13":4,"14":16,"15":16,"16":16,"17":2,"18":14,"19":14,"20":0,"21":14,"22":2},"f":{"0":21,"1":62,"2":41,"3":45,"4":33,"5":4},"b":{"0":[45,44],"1":[2,14],"2":[16,2],"3":[0,14]},"meta":{"lastBranch":4,"lastFunction":6,"lastStatement":23,"seen":{"f:4:22:4:33":0,"s:5:2:10:Infinity":0,"s:6:4:6:Infinity":1,"s:7:4:7:Infinity":2,"s:9:4:9:Infinity":3,"f:13:22:13:35":1,"s:14:2:14:Infinity":4,"f:17:22:17:Infinity":2,"s:21:2:28:Infinity":5,"s:22:20:22:Infinity":6,"s:23:4:25:Infinity":7,"f:24:14:24:15":3,"s:24:25:24:73":8,"b:24:25:24:43:24:43:24:73":0,"f:25:11:25:12":4,"s:25:22:25:52":9,"s:27:4:27:Infinity":10,"f:31:22:31:35":5,"s:32:19:32:Infinity":11,"s:33:2:44:Infinity":12,"s:33:15:33:18":13,"s:34:25:34:Infinity":14,"s:35:20:35:Infinity":15,"b:36:4:38:Infinity:undefined:undefined:undefined:undefined":1,"s:36:4:38:Infinity":16,"b:36:8:36:42:36:42:36:69":2,"s:37:6:37:Infinity":17,"s:39:22:39:Infinity":18,"b:40:4:42:Infinity:undefined:undefined:undefined:undefined":3,"s:40:4:42:Infinity":19,"s:41:6:41:Infinity":20,"s:43:4:43:Infinity":21,"s:45:2:45:Infinity":22}}}
,"C:\\Projetos\\design_system\\mcp\\src\\utils\\parse.ts": {"path":"C:\\Projetos\\design_system\\mcp\\src\\utils\\parse.ts","statementMap":{"0":{"start":{"line":2,"column":2},"end":{"line":8,"column":null}},"1":{"start":{"line":7,"column":19},"end":{"line":7,"column":57}},"2":{"start":{"line":12,"column":2},"end":{"line":15,"column":null}},"3":{"start":{"line":19,"column":18},"end":{"line":19,"column":null}},"4":{"start":{"line":20,"column":16},"end":{"line":20,"column":null}},"5":{"start":{"line":22,"column":2},"end":{"line":26,"column":null}},"6":{"start":{"line":23,"column":4},"end":{"line":25,"column":null}},"7":{"start":{"line":24,"column":6},"end":{"line":24,"column":null}},"8":{"start":{"line":27,"column":2},"end":{"line":27,"column":null}},"9":{"start":{"line":31,"column":18},"end":{"line":31,"column":null}},"10":{"start":{"line":32,"column":2},"end":{"line":34,"column":null}},"11":{"start":{"line":33,"column":4},"end":{"line":33,"column":null}},"12":{"start":{"line":36,"column":21},"end":{"line":36,"column":null}},"13":{"start":{"line":38,"column":2},"end":{"line":42,"column":null}},"14":{"start":{"line":39,"column":4},"end":{"line":41,"column":null}},"15":{"start":{"line":40,"column":6},"end":{"line":40,"column":null}},"16":{"start":{"line":44,"column":26},"end":{"line":44,"column":null}},"17":{"start":{"line":45,"column":2},"end":{"line":51,"column":null}},"18":{"start":{"line":46,"column":10},"end":{"line":49,"column":null}},"19":{"start":{"line":48,"column":21},"end":{"line":48,"column":54}},"20":{"start":{"line":49,"column":40},"end":{"line":49,"column":53}},"21":{"start":{"line":50,"column":4},"end":{"line":50,"column":null}},"22":{"start":{"line":50,"column":28},"end":{"line":50,"column":45}},"23":{"start":{"line":53,"column":2},"end":{"line":53,"column":null}},"24":{"start":{"line":62,"column":31},"end":{"line":62,"column":null}},"25":{"start":{"line":63,"column":25},"end":{"line":63,"column":null}},"26":{"start":{"line":64,"column":20},"end":{"line":64,"column":null}},"27":{"start":{"line":66,"column":28},"end":{"line":76,"column":null}},"28":{"start":{"line":67,"column":18},"end":{"line":67,"column":null}},"29":{"start":{"line":68,"column":22},"end":{"line":68,"column":null}},"30":{"start":{"line":70,"column":4},"end":{"line":74,"column":null}},"31":{"start":{"line":71,"column":6},"end":{"line":73,"column":null}},"32":{"start":{"line":72,"column":8},"end":{"line":72,"column":null}},"33":{"start":{"line":75,"column":4},"end":{"line":75,"column":null}},"34":{"start":{"line":79,"column":2},"end":{"line":86,"column":null}},"35":{"start":{"line":80,"column":4},"end":{"line":85,"column":null}},"36":{"start":{"line":81,"column":6},"end":{"line":84,"column":null}},"37":{"start":{"line":88,"column":2},"end":{"line":95,"column":null}},"38":{"start":{"line":89,"column":4},"end":{"line":94,"column":null}},"39":{"start":{"line":90,"column":6},"end":{"line":93,"column":null}},"40":{"start":{"line":97,"column":2},"end":{"line":97,"column":null}},"41":{"start":{"line":101,"column":23},"end":{"line":101,"column":null}},"42":{"start":{"line":102,"column":16},"end":{"line":102,"column":null}},"43":{"start":{"line":103,"column":2},"end":{"line":111,"column":null}},"44":{"start":{"line":104,"column":22},"end":{"line":107,"column":null}},"45":{"start":{"line":106,"column":21},"end":{"line":106,"column":57}},"46":{"start":{"line":107,"column":22},"end":{"line":107,"column":37}},"47":{"start":{"line":108,"column":4},"end":{"line":110,"column":null}},"48":{"start":{"line":109,"column":6},"end":{"line":109,"column":null}},"49":{"start":{"line":112,"column":2},"end":{"line":112,"column":null}},"50":{"start":{"line":116,"column":15},"end":{"line":116,"column":null}},"51":{"start":{"line":117,"column":19},"end":{"line":117,"column":null}},"52":{"start":{"line":118,"column":16},"end":{"line":122,"column":null}},"53":{"start":{"line":119,"column":4},"end":{"line":121,"column":null}},"54":{"start":{"line":120,"column":6},"end":{"line":120,"column":null}},"55":{"start":{"line":124,"column":2},"end":{"line":124,"column":null}},"56":{"start":{"line":125,"column":2},"end":{"line":125,"column":null}},"57":{"start":{"line":126,"column":2},"end":{"line":126,"column":null}},"58":{"start":{"line":127,"column":2},"end":{"line":127,"column":null}},"59":{"start":{"line":128,"column":2},"end":{"line":128,"column":null}},"60":{"start":{"line":129,"column":2},"end":{"line":129,"column":null}},"61":{"start":{"line":130,"column":2},"end":{"line":130,"column":null}},"62":{"start":{"line":131,"column":2},"end":{"line":131,"column":null}},"63":{"start":{"line":132,"column":2},"end":{"line":132,"column":null}},"64":{"start":{"line":133,"column":2},"end":{"line":133,"column":null}},"65":{"start":{"line":134,"column":2},"end":{"line":134,"column":null}},"66":{"start":{"line":135,"column":2},"end":{"line":135,"column":null}},"67":{"start":{"line":136,"column":2},"end":{"line":136,"column":null}},"68":{"start":{"line":137,"column":2},"end":{"line":137,"column":null}},"69":{"start":{"line":138,"column":2},"end":{"line":138,"column":null}},"70":{"start":{"line":139,"column":2},"end":{"line":139,"column":null}},"71":{"start":{"line":140,"column":2},"end":{"line":140,"column":null}},"72":{"start":{"line":141,"column":2},"end":{"line":141,"column":null}},"73":{"start":{"line":142,"column":2},"end":{"line":142,"column":null}},"74":{"start":{"line":143,"column":2},"end":{"line":143,"column":null}},"75":{"start":{"line":145,"column":2},"end":{"line":147,"column":null}},"76":{"start":{"line":146,"column":4},"end":{"line":146,"column":null}},"77":{"start":{"line":148,"column":2},"end":{"line":148,"column":null}},"78":{"start":{"line":157,"column":42},"end":{"line":157,"column":null}},"79":{"start":{"line":158,"column":18},"end":{"line":158,"column":null}},"80":{"start":{"line":160,"column":26},"end":{"line":160,"column":null}},"81":{"start":{"line":161,"column":2},"end":{"line":189,"column":null}},"82":{"start":{"line":162,"column":23},"end":{"line":162,"column":null}},"83":{"start":{"line":163,"column":29},"end":{"line":163,"column":null}},"84":{"start":{"line":165,"column":4},"end":{"line":170,"column":null}},"85":{"start":{"line":166,"column":6},"end":{"line":169,"column":null}},"86":{"start":{"line":167,"column":8},"end":{"line":167,"column":null}},"87":{"start":{"line":168,"column":8},"end":{"line":168,"column":null}},"88":{"start":{"line":172,"column":29},"end":{"line":172,"column":null}},"89":{"start":{"line":173,"column":4},"end":{"line":188,"column":null}},"90":{"start":{"line":174,"column":24},"end":{"line":174,"column":null}},"91":{"start":{"line":175,"column":19},"end":{"line":175,"column":null}},"92":{"start":{"line":176,"column":46},"end":{"line":176,"column":null}},"93":{"start":{"line":177,"column":25},"end":{"line":177,"column":null}},"94":{"start":{"line":179,"column":6},"end":{"line":184,"column":null}},"95":{"start":{"line":180,"column":8},"end":{"line":183,"column":null}},"96":{"start":{"line":181,"column":10},"end":{"line":181,"column":null}},"97":{"start":{"line":182,"column":10},"end":{"line":182,"column":null}},"98":{"start":{"line":185,"column":6},"end":{"line":187,"column":null}},"99":{"start":{"line":186,"column":8},"end":{"line":186,"column":null}},"100":{"start":{"line":191,"column":2},"end":{"line":191,"column":null}},"101":{"start":{"line":195,"column":15},"end":{"line":195,"column":null}},"102":{"start":{"line":196,"column":16},"end":{"line":196,"column":null}},"103":{"start":{"line":198,"column":2},"end":{"line":202,"column":null}},"104":{"start":{"line":199,"column":4},"end":{"line":201,"column":null}},"105":{"start":{"line":200,"column":6},"end":{"line":200,"column":null}},"106":{"start":{"line":203,"column":2},"end":{"line":203,"column":null}}},"fnMap":{"0":{"name":"toPascalCase","decl":{"start":{"line":1,"column":16},"end":{"line":1,"column":29}},"loc":{"start":{"line":1,"column":52},"end":{"line":9,"column":null}},"line":1},"1":{"name":"(anonymous_1)","decl":{"start":{"line":7,"column":9},"end":{"line":7,"column":10}},"loc":{"start":{"line":7,"column":19},"end":{"line":7,"column":57}},"line":7},"2":{"name":"toKebabCase","decl":{"start":{"line":11,"column":16},"end":{"line":11,"column":28}},"loc":{"start":{"line":11,"column":51},"end":{"line":16,"column":null}},"line":11},"3":{"name":"extractImports","decl":{"start":{"line":18,"column":16},"end":{"line":18,"column":31}},"loc":{"start":{"line":18,"column":57},"end":{"line":28,"column":null}},"line":18},"4":{"name":"extractExports","decl":{"start":{"line":30,"column":16},"end":{"line":30,"column":31}},"loc":{"start":{"line":30,"column":57},"end":{"line":54,"column":null}},"line":30},"5":{"name":"(anonymous_5)","decl":{"start":{"line":48,"column":11},"end":{"line":48,"column":12}},"loc":{"start":{"line":48,"column":21},"end":{"line":48,"column":54}},"line":48},"6":{"name":"(anonymous_6)","decl":{"start":{"line":49,"column":14},"end":{"line":49,"column":15}},"loc":{"start":{"line":49,"column":40},"end":{"line":49,"column":53}},"line":49},"7":{"name":"(anonymous_7)","decl":{"start":{"line":50,"column":18},"end":{"line":50,"column":19}},"loc":{"start":{"line":50,"column":28},"end":{"line":50,"column":45}},"line":50},"8":{"name":"extractPropsInfo","decl":{"start":{"line":61,"column":16},"end":{"line":61,"column":33}},"loc":{"start":{"line":61,"column":62},"end":{"line":98,"column":null}},"line":61},"9":{"name":"(anonymous_9)","decl":{"start":{"line":66,"column":28},"end":{"line":66,"column":29}},"loc":{"start":{"line":66,"column":56},"end":{"line":76,"column":null}},"line":66},"10":{"name":"extractSummary","decl":{"start":{"line":100,"column":16},"end":{"line":100,"column":31}},"loc":{"start":{"line":100,"column":77},"end":{"line":113,"column":null}},"line":100},"11":{"name":"(anonymous_11)","decl":{"start":{"line":106,"column":11},"end":{"line":106,"column":12}},"loc":{"start":{"line":106,"column":21},"end":{"line":106,"column":57}},"line":106},"12":{"name":"(anonymous_12)","decl":{"start":{"line":107,"column":12},"end":{"line":107,"column":13}},"loc":{"start":{"line":107,"column":22},"end":{"line":107,"column":37}},"line":107},"13":{"name":"inferTags","decl":{"start":{"line":115,"column":16},"end":{"line":115,"column":26}},"loc":{"start":{"line":115,"column":84},"end":{"line":149,"column":null}},"line":115},"14":{"name":"(anonymous_14)","decl":{"start":{"line":118,"column":16},"end":{"line":118,"column":17}},"loc":{"start":{"line":118,"column":50},"end":{"line":122,"column":null}},"line":118},"15":{"name":"extractTailwindColorTokens","decl":{"start":{"line":156,"column":16},"end":{"line":156,"column":43}},"loc":{"start":{"line":156,"column":88},"end":{"line":192,"column":null}},"line":156},"16":{"name":"extractCssVariables","decl":{"start":{"line":194,"column":16},"end":{"line":194,"column":36}},"loc":{"start":{"line":194,"column":65},"end":{"line":204,"column":null}},"line":194}},"branchMap":{"0":{"loc":{"start":{"line":23,"column":4},"end":{"line":25,"column":null}},"type":"if","locations":[{"start":{"line":23,"column":4},"end":{"line":25,"column":null}},{"start":{},"end":{}}],"line":23},"1":{"loc":{"start":{"line":32,"column":2},"end":{"line":34,"column":null}},"type":"if","locations":[{"start":{"line":32,"column":2},"end":{"line":34,"column":null}},{"start":{},"end":{}}],"line":32},"2":{"loc":{"start":{"line":39,"column":4},"end":{"line":41,"column":null}},"type":"if","locations":[{"start":{"line":39,"column":4},"end":{"line":41,"column":null}},{"start":{},"end":{}}],"line":39},"3":{"loc":{"start":{"line":46,"column":19},"end":{"line":46,"column":null}},"type":"binary-expr","locations":[{"start":{"line":46,"column":19},"end":{"line":46,"column":31}},{"start":{"line":46,"column":31},"end":{"line":46,"column":null}}],"line":46},"4":{"loc":{"start":{"line":71,"column":6},"end":{"line":73,"column":null}},"type":"if","locations":[{"start":{"line":71,"column":6},"end":{"line":73,"column":null}},{"start":{},"end":{}}],"line":71},"5":{"loc":{"start":{"line":80,"column":4},"end":{"line":85,"column":null}},"type":"if","locations":[{"start":{"line":80,"column":4},"end":{"line":85,"column":null}},{"start":{},"end":{}}],"line":80},"6":{"loc":{"start":{"line":83,"column":38},"end":{"line":83,"column":52}},"type":"binary-expr","locations":[{"start":{"line":83,"column":38},"end":{"line":83,"column":50}},{"start":{"line":83,"column":50},"end":{"line":83,"column":52}}],"line":83},"7":{"loc":{"start":{"line":89,"column":4},"end":{"line":94,"column":null}},"type":"if","locations":[{"start":{"line":89,"column":4},"end":{"line":94,"column":null}},{"start":{},"end":{}}],"line":89},"8":{"loc":{"start":{"line":92,"column":38},"end":{"line":92,"column":52}},"type":"binary-expr","locations":[{"start":{"line":92,"column":38},"end":{"line":92,"column":50}},{"start":{"line":92,"column":50},"end":{"line":92,"column":52}}],"line":92},"9":{"loc":{"start":{"line":103,"column":2},"end":{"line":111,"column":null}},"type":"if","locations":[{"start":{"line":103,"column":2},"end":{"line":111,"column":null}},{"start":{},"end":{}}],"line":103},"10":{"loc":{"start":{"line":108,"column":4},"end":{"line":110,"column":null}},"type":"if","locations":[{"start":{"line":108,"column":4},"end":{"line":110,"column":null}},{"start":{},"end":{}}],"line":108},"11":{"loc":{"start":{"line":119,"column":4},"end":{"line":121,"column":null}},"type":"if","locations":[{"start":{"line":119,"column":4},"end":{"line":121,"column":null}},{"start":{},"end":{}}],"line":119},"12":{"loc":{"start":{"line":145,"column":2},"end":{"line":147,"column":null}},"type":"if","locations":[{"start":{"line":145,"column":2},"end":{"line":147,"column":null}},{"start":{},"end":{}}],"line":145},"13":{"loc":{"start":{"line":161,"column":2},"end":{"line":189,"column":null}},"type":"if","locations":[{"start":{"line":161,"column":2},"end":{"line":189,"column":null}},{"start":{},"end":{}}],"line":161},"14":{"loc":{"start":{"line":166,"column":6},"end":{"line":169,"column":null}},"type":"if","locations":[{"start":{"line":166,"column":6},"end":{"line":169,"column":null}},{"start":{},"end":{}}],"line":166},"15":{"loc":{"start":{"line":166,"column":10},"end":{"line":166,"column":32}},"type":"binary-expr","locations":[{"start":{"line":166,"column":10},"end":{"line":166,"column":22}},{"start":{"line":166,"column":22},"end":{"line":166,"column":32}}],"line":166},"16":{"loc":{"start":{"line":175,"column":19},"end":{"line":175,"column":null}},"type":"binary-expr","locations":[{"start":{"line":175,"column":19},"end":{"line":175,"column":31}},{"start":{"line":175,"column":31},"end":{"line":175,"column":null}}],"line":175},"17":{"loc":{"start":{"line":180,"column":8},"end":{"line":183,"column":null}},"type":"if","locations":[{"start":{"line":180,"column":8},"end":{"line":183,"column":null}},{"start":{},"end":{}}],"line":180},"18":{"loc":{"start":{"line":180,"column":12},"end":{"line":180,"column":44}},"type":"binary-expr","locations":[{"start":{"line":180,"column":12},"end":{"line":180,"column":29}},{"start":{"line":180,"column":29},"end":{"line":180,"column":44}}],"line":180},"19":{"loc":{"start":{"line":185,"column":6},"end":{"line":187,"column":null}},"type":"if","locations":[{"start":{"line":185,"column":6},"end":{"line":187,"column":null}},{"start":{},"end":{}}],"line":185},"20":{"loc":{"start":{"line":185,"column":10},"end":{"line":185,"column":56}},"type":"binary-expr","locations":[{"start":{"line":185,"column":10},"end":{"line":185,"column":23}},{"start":{"line":185,"column":23},"end":{"line":185,"column":56}}],"line":185},"21":{"loc":{"start":{"line":199,"column":4},"end":{"line":201,"column":null}},"type":"if","locations":[{"start":{"line":199,"column":4},"end":{"line":201,"column":null}},{"start":{},"end":{}}],"line":199}},"s":{"0":52,"1":69,"2":57,"3":32,"4":32,"5":32,"6":9,"7":9,"8":32,"9":34,"10":34,"11":2,"12":34,"13":34,"14":32,"15":32,"16":34,"17":34,"18":3,"19":5,"20":5,"21":3,"22":5,"23":34,"24":31,"25":31,"26":31,"27":31,"28":7,"29":7,"30":7,"31":14,"32":14,"33":7,"34":31,"35":5,"36":5,"37":31,"38":2,"39":2,"40":31,"41":30,"42":30,"43":30,"44":3,"45":10,"46":6,"47":3,"48":3,"49":27,"50":35,"51":35,"52":35,"53":700,"54":32,"55":35,"56":35,"57":35,"58":35,"59":35,"60":35,"61":35,"62":35,"63":35,"64":35,"65":35,"66":35,"67":35,"68":35,"69":35,"70":35,"71":35,"72":35,"73":35,"74":35,"75":35,"76":4,"77":35,"78":9,"79":9,"80":9,"81":9,"82":6,"83":6,"84":6,"85":10,"86":10,"87":10,"88":6,"89":6,"90":2,"91":2,"92":2,"93":2,"94":2,"95":4,"96":4,"97":4,"98":2,"99":2,"100":9,"101":9,"102":9,"103":9,"104":13,"105":13,"106":9},"f":{"0":52,"1":69,"2":57,"3":32,"4":34,"5":5,"6":5,"7":5,"8":31,"9":7,"10":30,"11":10,"12":6,"13":35,"14":700,"15":9,"16":9},"b":{"0":[9,0],"1":[2,32],"2":[32,0],"3":[3,0],"4":[14,0],"5":[5,0],"6":[5,0],"7":[2,0],"8":[2,0],"9":[3,27],"10":[3,0],"11":[32,668],"12":[4,31],"13":[6,3],"14":[10,0],"15":[10,10],"16":[2,0],"17":[4,0],"18":[4,4],"19":[2,0],"20":[2,2],"21":[13,0]},"meta":{"lastBranch":22,"lastFunction":17,"lastStatement":107,"seen":{"f:1:16:1:29":0,"s:2:2:8:Infinity":0,"f:7:9:7:10":1,"s:7:19:7:57":1,"f:11:16:11:28":2,"s:12:2:15:Infinity":2,"f:18:16:18:31":3,"s:19:18:19:Infinity":3,"s:20:16:20:Infinity":4,"s:22:2:26:Infinity":5,"b:23:4:25:Infinity:undefined:undefined:undefined:undefined":0,"s:23:4:25:Infinity":6,"s:24:6:24:Infinity":7,"s:27:2:27:Infinity":8,"f:30:16:30:31":4,"s:31:18:31:Infinity":9,"b:32:2:34:Infinity:undefined:undefined:undefined:undefined":1,"s:32:2:34:Infinity":10,"s:33:4:33:Infinity":11,"s:36:21:36:Infinity":12,"s:38:2:42:Infinity":13,"b:39:4:41:Infinity:undefined:undefined:undefined:undefined":2,"s:39:4:41:Infinity":14,"s:40:6:40:Infinity":15,"s:44:26:44:Infinity":16,"s:45:2:51:Infinity":17,"s:46:10:49:Infinity":18,"b:46:19:46:31:46:31:46:Infinity":3,"f:48:11:48:12":5,"s:48:21:48:54":19,"f:49:14:49:15":6,"s:49:40:49:53":20,"s:50:4:50:Infinity":21,"f:50:18:50:19":7,"s:50:28:50:45":22,"s:53:2:53:Infinity":23,"f:61:16:61:33":8,"s:62:31:62:Infinity":24,"s:63:25:63:Infinity":25,"s:64:20:64:Infinity":26,"s:66:28:76:Infinity":27,"f:66:28:66:29":9,"s:67:18:67:Infinity":28,"s:68:22:68:Infinity":29,"s:70:4:74:Infinity":30,"b:71:6:73:Infinity:undefined:undefined:undefined:undefined":4,"s:71:6:73:Infinity":31,"s:72:8:72:Infinity":32,"s:75:4:75:Infinity":33,"s:79:2:86:Infinity":34,"b:80:4:85:Infinity:undefined:undefined:undefined:undefined":5,"s:80:4:85:Infinity":35,"s:81:6:84:Infinity":36,"b:83:38:83:50:83:50:83:52":6,"s:88:2:95:Infinity":37,"b:89:4:94:Infinity:undefined:undefined:undefined:undefined":7,"s:89:4:94:Infinity":38,"s:90:6:93:Infinity":39,"b:92:38:92:50:92:50:92:52":8,"s:97:2:97:Infinity":40,"f:100:16:100:31":10,"s:101:23:101:Infinity":41,"s:102:16:102:Infinity":42,"b:103:2:111:Infinity:undefined:undefined:undefined:undefined":9,"s:103:2:111:Infinity":43,"s:104:22:107:Infinity":44,"f:106:11:106:12":11,"s:106:21:106:57":45,"f:107:12:107:13":12,"s:107:22:107:37":46,"b:108:4:110:Infinity:undefined:undefined:undefined:undefined":10,"s:108:4:110:Infinity":47,"s:109:6:109:Infinity":48,"s:112:2:112:Infinity":49,"f:115:16:115:26":13,"s:116:15:116:Infinity":50,"s:117:19:117:Infinity":51,"s:118:16:122:Infinity":52,"f:118:16:118:17":14,"b:119:4:121:Infinity:undefined:undefined:undefined:undefined":11,"s:119:4:121:Infinity":53,"s:120:6:120:Infinity":54,"s:124:2:124:Infinity":55,"s:125:2:125:Infinity":56,"s:126:2:126:Infinity":57,"s:127:2:127:Infinity":58,"s:128:2:128:Infinity":59,"s:129:2:129:Infinity":60,"s:130:2:130:Infinity":61,"s:131:2:131:Infinity":62,"s:132:2:132:Infinity":63,"s:133:2:133:Infinity":64,"s:134:2:134:Infinity":65,"s:135:2:135:Infinity":66,"s:136:2:136:Infinity":67,"s:137:2:137:Infinity":68,"s:138:2:138:Infinity":69,"s:139:2:139:Infinity":70,"s:140:2:140:Infinity":71,"s:141:2:141:Infinity":72,"s:142:2:142:Infinity":73,"s:143:2:143:Infinity":74,"b:145:2:147:Infinity:undefined:undefined:undefined:undefined":12,"s:145:2:147:Infinity":75,"s:146:4:146:Infinity":76,"s:148:2:148:Infinity":77,"f:156:16:156:43":15,"s:157:42:157:Infinity":78,"s:158:18:158:Infinity":79,"s:160:26:160:Infinity":80,"b:161:2:189:Infinity:undefined:undefined:undefined:undefined":13,"s:161:2:189:Infinity":81,"s:162:23:162:Infinity":82,"s:163:29:163:Infinity":83,"s:165:4:170:Infinity":84,"b:166:6:169:Infinity:undefined:undefined:undefined:undefined":14,"s:166:6:169:Infinity":85,"b:166:10:166:22:166:22:166:32":15,"s:167:8:167:Infinity":86,"s:168:8:168:Infinity":87,"s:172:29:172:Infinity":88,"s:173:4:188:Infinity":89,"s:174:24:174:Infinity":90,"s:175:19:175:Infinity":91,"b:175:19:175:31:175:31:175:Infinity":16,"s:176:46:176:Infinity":92,"s:177:25:177:Infinity":93,"s:179:6:184:Infinity":94,"b:180:8:183:Infinity:undefined:undefined:undefined:undefined":17,"s:180:8:183:Infinity":95,"b:180:12:180:29:180:29:180:44":18,"s:181:10:181:Infinity":96,"s:182:10:182:Infinity":97,"b:185:6:187:Infinity:undefined:undefined:undefined:undefined":19,"s:185:6:187:Infinity":98,"b:185:10:185:23:185:23:185:56":20,"s:186:8:186:Infinity":99,"s:191:2:191:Infinity":100,"f:194:16:194:36":16,"s:195:15:195:Infinity":101,"s:196:16:196:Infinity":102,"s:198:2:202:Infinity":103,"b:199:4:201:Infinity:undefined:undefined:undefined:undefined":21,"s:199:4:201:Infinity":104,"s:200:6:200:Infinity":105,"s:203:2:203:Infinity":106}}}
}
